TN:
SF:src/functions/mock.js
FN:2,getProductsOutput
FN:46,fetchProductByIdOutput
FN:92,Object.<anonymous>.exports.mockDBfunction
FNF:3
FNH:3
FNDA:1,getProductsOutput
FNDA:1,fetchProductByIdOutput
FNDA:2,Object.<anonymous>.exports.mockDBfunction
DA:1,1
DA:2,1
DA:3,1
DA:4,1
DA:5,0
DA:6,0
DA:7,1
DA:8,1
DA:9,1
DA:10,0
DA:11,0
DA:12,0
DA:13,0
DA:14,1
DA:15,1
DA:16,1
DA:17,1
DA:18,1
DA:19,1
DA:20,1
DA:21,1
DA:22,1
DA:23,1
DA:24,1
DA:25,1
DA:26,1
DA:27,1
DA:28,1
DA:29,1
DA:30,1
DA:31,1
DA:32,1
DA:33,1
DA:34,1
DA:35,1
DA:36,1
DA:37,1
DA:38,1
DA:39,1
DA:40,1
DA:41,1
DA:42,1
DA:43,1
DA:44,1
DA:45,1
DA:46,1
DA:47,1
DA:48,1
DA:49,1
DA:50,0
DA:51,0
DA:52,1
DA:53,1
DA:54,1
DA:55,0
DA:56,0
DA:57,0
DA:58,0
DA:59,1
DA:60,1
DA:61,1
DA:62,1
DA:63,1
DA:64,1
DA:65,1
DA:66,1
DA:67,1
DA:68,1
DA:69,1
DA:70,1
DA:71,1
DA:72,1
DA:73,1
DA:74,1
DA:75,1
DA:76,1
DA:77,1
DA:78,1
DA:79,1
DA:80,1
DA:81,1
DA:82,1
DA:83,1
DA:84,1
DA:85,1
DA:86,1
DA:87,1
DA:88,1
DA:89,1
DA:90,1
DA:91,1
DA:92,1
DA:93,2
DA:94,2
DA:95,2
DA:96,2
DA:97,2
DA:98,2
DA:99,2
DA:100,2
DA:101,2
LF:101
LH:89
BRDA:2,0,0,1
BRDA:4,1,0,0
BRDA:9,2,0,0
BRDA:46,3,0,1
BRDA:49,4,0,0
BRDA:54,5,0,0
BRDA:88,6,0,1
BRDA:92,7,0,2
BRDA:94,8,0,1
BRDA:96,9,0,1
BRDA:98,10,0,0
BRF:11
BRH:6
end_of_record
TN:
SF:src/functions/getProductById/handler.ts
FN:6,getProductById
FNF:1
FNH:1
FNDA:3,getProductById
DA:1,1
DA:2,1
DA:3,1
DA:4,1
DA:5,1
DA:6,1
DA:7,3
DA:8,3
DA:9,3
DA:10,3
DA:11,3
DA:12,3
DA:13,1
DA:14,1
DA:15,1
DA:16,3
DA:17,3
DA:18,3
DA:19,3
DA:20,3
DA:21,1
DA:22,1
DA:23,1
DA:24,3
DA:25,1
DA:26,1
LF:26
LH:26
BRDA:6,0,0,3
BRDA:11,1,0,2
BRDA:12,2,0,1
BRDA:20,3,0,1
BRF:4
BRH:4
end_of_record
TN:
SF:src/functions/getProductList/handler.ts
FN:6,getProductList
FNF:1
FNH:1
FNDA:3,getProductList
DA:1,1
DA:2,1
DA:3,1
DA:4,1
DA:5,1
DA:6,1
DA:7,3
DA:8,3
DA:9,3
DA:10,3
DA:11,3
DA:12,3
DA:13,1
DA:14,1
DA:15,3
DA:16,3
DA:17,3
DA:18,3
DA:19,1
DA:20,1
DA:21,3
DA:22,1
DA:23,1
LF:23
LH:23
BRDA:6,0,0,3
BRDA:11,1,0,2
BRDA:12,2,0,1
BRDA:18,3,0,1
BRF:4
BRH:4
end_of_record
TN:
SF:src/libs/lambda.ts
FN:4,middyfy
FNF:1
FNH:1
FNDA:2,middyfy
DA:1,1
DA:2,1
DA:3,1
DA:4,1
DA:5,2
DA:6,2
LF:6
LH:6
BRDA:4,0,0,2
BRF:1
BRH:1
end_of_record
